<?xml version="1.0" encoding="UTF-8"?>
<testsuite xmlns:xsi="http://www.w3.org/2001/XMLSchema-instance" xsi:noNamespaceSchemaLocation="https://maven.apache.org/surefire/maven-surefire-plugin/xsd/surefire-test-report-3.0.xsd" version="3.0" name="com.review.movie.MovieReview1ApplicationTests" time="6.084" tests="1" errors="0" skipped="0" failures="0">
  <properties>
[...]
</properties>
  <testcase name="contextLoads" classname="com.review.movie.MovieReview1ApplicationTests" time="1.045">
    <system-out><![CDATA[23:42:33.366 [main] INFO org.springframework.test.context.support.AnnotationConfigContextLoaderUtils -- Could not detect default configuration classes for test class [com.review.movie.MovieReview1ApplicationTests]: MovieReview1ApplicationTests does not declare any static, non-private, non-final, nested classes annotated with @Configuration.
23:42:33.576 [main] INFO org.springframework.boot.test.context.SpringBootTestContextBootstrapper -- Found @SpringBootConfiguration com.review.movie.MovieReview1Application for test class com.review.movie.MovieReview1ApplicationTests

  .   ____          _            __ _ _
 /\\ / ___'_ __ _ _(_)_ __  __ _ \ \ \ \
( ( )\___ | '_ | '_| | '_ \/ _` | \ \ \ \
 \\/  ___)| |_)| | | | | || (_| |  ) ) ) )
  '  |____| .__|_| |_|_| |_\__, | / / / /
 =========|_|==============|___/=/_/_/_/
 :: Spring Boot ::                (v3.2.2)

2024-01-29T23:42:34.171+05:30  INFO 18990 --- [           main] c.r.movie.MovieReview1ApplicationTests   : Starting MovieReview1ApplicationTests using Java 17.0.10 with PID 18990 (started by abdu in /Users/abdu/Documents/workspace/movieReview1)
2024-01-29T23:42:34.174+05:30  INFO 18990 --- [           main] c.r.movie.MovieReview1ApplicationTests   : No active profile set, falling back to 1 default profile: "default"
2024-01-29T23:42:35.159+05:30  INFO 18990 --- [           main] .s.d.r.c.RepositoryConfigurationDelegate : Multiple Spring Data modules found, entering strict repository configuration mode
2024-01-29T23:42:35.161+05:30  INFO 18990 --- [           main] .s.d.r.c.RepositoryConfigurationDelegate : Bootstrapping Spring Data MongoDB repositories in DEFAULT mode.
2024-01-29T23:42:35.264+05:30  INFO 18990 --- [           main] .s.d.r.c.RepositoryConfigurationDelegate : Finished Spring Data repository scanning in 96 ms. Found 2 MongoDB repository interfaces.
2024-01-29T23:42:35.922+05:30  INFO 18990 --- [           main] org.mongodb.driver.client                : MongoClient with metadata {"driver": {"name": "mongo-java-driver|sync|spring-boot", "version": "4.11.1"}, "os": {"type": "Darwin", "name": "Mac OS X", "architecture": "x86_64", "version": "12.7.2"}, "platform": "Java/Oracle Corporation/17.0.10+11-LTS-240"} created with settings MongoClientSettings{readPreference=primary, writeConcern=WriteConcern{w=majority, wTimeout=null ms, journal=null}, retryWrites=true, retryReads=true, readConcern=ReadConcern{level=null}, credential=MongoCredential{mechanism=null, userName='root', source='admin', password=<hidden>, mechanismProperties=<hidden>}, transportSettings=null, streamFactoryFactory=null, commandListeners=[], codecRegistry=ProvidersCodecRegistry{codecProviders=[ValueCodecProvider{}, BsonValueCodecProvider{}, DBRefCodecProvider{}, DBObjectCodecProvider{}, DocumentCodecProvider{}, CollectionCodecProvider{}, IterableCodecProvider{}, MapCodecProvider{}, GeoJsonCodecProvider{}, GridFSFileCodecProvider{}, Jsr310CodecProvider{}, JsonObjectCodecProvider{}, BsonCodecProvider{}, EnumCodecProvider{}, com.mongodb.client.model.mql.ExpressionCodecProvider@4fdca00a, com.mongodb.Jep395RecordCodecProvider@513b52af, com.mongodb.KotlinCodecProvider@5a8c93]}, loggerSettings=LoggerSettings{maxDocumentLength=1000}, clusterSettings={hosts=[127.0.0.1:27017], srvHost=recruitment.fn76lmn.mongodb.net, srvServiceName=mongodb, mode=MULTIPLE, requiredClusterType=REPLICA_SET, requiredReplicaSetName='atlas-ce0e3p-shard-0', serverSelector='null', clusterListeners='[]', serverSelectionTimeout='30000 ms', localThreshold='15 ms'}, socketSettings=SocketSettings{connectTimeoutMS=10000, readTimeoutMS=0, receiveBufferSize=0, proxySettings=ProxySettings{host=null, port=null, username=null, password=null}}, heartbeatSocketSettings=SocketSettings{connectTimeoutMS=10000, readTimeoutMS=10000, receiveBufferSize=0, proxySettings=ProxySettings{host=null, port=null, username=null, password=null}}, connectionPoolSettings=ConnectionPoolSettings{maxSize=100, minSize=0, maxWaitTimeMS=120000, maxConnectionLifeTimeMS=0, maxConnectionIdleTimeMS=0, maintenanceInitialDelayMS=0, maintenanceFrequencyMS=60000, connectionPoolListeners=[], maxConnecting=2}, serverSettings=ServerSettings{heartbeatFrequencyMS=10000, minHeartbeatFrequencyMS=500, serverListeners='[]', serverMonitorListeners='[]'}, sslSettings=SslSettings{enabled=true, invalidHostNameAllowed=false, context=null}, applicationName='null', compressorList=[], uuidRepresentation=JAVA_LEGACY, serverApi=null, autoEncryptionSettings=null, dnsClient=null, inetAddressResolver=null, contextProvider=null}
2024-01-29T23:42:35.953+05:30  INFO 18990 --- [lmn.mongodb.net] org.mongodb.driver.cluster               : Adding discovered server ac-nxiwowr-shard-00-00.fn76lmn.mongodb.net:27017 to client view of cluster
2024-01-29T23:42:35.999+05:30  INFO 18990 --- [lmn.mongodb.net] org.mongodb.driver.cluster               : Adding discovered server ac-nxiwowr-shard-00-01.fn76lmn.mongodb.net:27017 to client view of cluster
2024-01-29T23:42:36.023+05:30  INFO 18990 --- [lmn.mongodb.net] org.mongodb.driver.cluster               : Adding discovered server ac-nxiwowr-shard-00-02.fn76lmn.mongodb.net:27017 to client view of cluster
2024-01-29T23:42:36.888+05:30  INFO 18990 --- [ngodb.net:27017] org.mongodb.driver.cluster               : Monitor thread successfully connected to server with description ServerDescription{address=ac-nxiwowr-shard-00-01.fn76lmn.mongodb.net:27017, type=REPLICA_SET_SECONDARY, state=CONNECTED, ok=true, minWireVersion=0, maxWireVersion=17, maxDocumentSize=16777216, logicalSessionTimeoutMinutes=30, roundTripTimeNanos=487851671, setName='atlas-ce0e3p-shard-0', canonicalAddress=ac-nxiwowr-shard-00-01.fn76lmn.mongodb.net:27017, hosts=[ac-nxiwowr-shard-00-00.fn76lmn.mongodb.net:27017, ac-nxiwowr-shard-00-01.fn76lmn.mongodb.net:27017, ac-nxiwowr-shard-00-02.fn76lmn.mongodb.net:27017], passives=[], arbiters=[], primary='ac-nxiwowr-shard-00-02.fn76lmn.mongodb.net:27017', tagSet=TagSet{[Tag{name='availabilityZone', value='aps1-az3'}, Tag{name='diskState', value='READY'}, Tag{name='nodeType', value='ELECTABLE'}, Tag{name='provider', value='AWS'}, Tag{name='region', value='AP_SOUTH_1'}, Tag{name='workloadType', value='OPERATIONAL'}]}, electionId=null, setVersion=5, topologyVersion=TopologyVersion{processId=65b7de2f5b244db5b85c7c8b, counter=3}, lastWriteDate=Mon Jan 29 23:42:36 IST 2024, lastUpdateTimeNanos=40259779437228}
2024-01-29T23:42:36.888+05:30  INFO 18990 --- [ngodb.net:27017] org.mongodb.driver.cluster               : Monitor thread successfully connected to server with description ServerDescription{address=ac-nxiwowr-shard-00-00.fn76lmn.mongodb.net:27017, type=REPLICA_SET_SECONDARY, state=CONNECTED, ok=true, minWireVersion=0, maxWireVersion=17, maxDocumentSize=16777216, logicalSessionTimeoutMinutes=30, roundTripTimeNanos=490579540, setName='atlas-ce0e3p-shard-0', canonicalAddress=ac-nxiwowr-shard-00-00.fn76lmn.mongodb.net:27017, hosts=[ac-nxiwowr-shard-00-00.fn76lmn.mongodb.net:27017, ac-nxiwowr-shard-00-01.fn76lmn.mongodb.net:27017, ac-nxiwowr-shard-00-02.fn76lmn.mongodb.net:27017], passives=[], arbiters=[], primary='ac-nxiwowr-shard-00-02.fn76lmn.mongodb.net:27017', tagSet=TagSet{[Tag{name='availabilityZone', value='aps1-az1'}, Tag{name='diskState', value='READY'}, Tag{name='nodeType', value='ELECTABLE'}, Tag{name='provider', value='AWS'}, Tag{name='region', value='AP_SOUTH_1'}, Tag{name='workloadType', value='OPERATIONAL'}]}, electionId=null, setVersion=5, topologyVersion=TopologyVersion{processId=65b7da8bbc8ed3be3c160f9e, counter=4}, lastWriteDate=Mon Jan 29 23:42:36 IST 2024, lastUpdateTimeNanos=40259782129014}
2024-01-29T23:42:36.888+05:30  INFO 18990 --- [ngodb.net:27017] org.mongodb.driver.cluster               : Monitor thread successfully connected to server with description ServerDescription{address=ac-nxiwowr-shard-00-02.fn76lmn.mongodb.net:27017, type=REPLICA_SET_PRIMARY, state=CONNECTED, ok=true, minWireVersion=0, maxWireVersion=17, maxDocumentSize=16777216, logicalSessionTimeoutMinutes=30, roundTripTimeNanos=491183878, setName='atlas-ce0e3p-shard-0', canonicalAddress=ac-nxiwowr-shard-00-02.fn76lmn.mongodb.net:27017, hosts=[ac-nxiwowr-shard-00-00.fn76lmn.mongodb.net:27017, ac-nxiwowr-shard-00-01.fn76lmn.mongodb.net:27017, ac-nxiwowr-shard-00-02.fn76lmn.mongodb.net:27017], passives=[], arbiters=[], primary='ac-nxiwowr-shard-00-02.fn76lmn.mongodb.net:27017', tagSet=TagSet{[Tag{name='availabilityZone', value='aps1-az2'}, Tag{name='diskState', value='READY'}, Tag{name='nodeType', value='ELECTABLE'}, Tag{name='provider', value='AWS'}, Tag{name='region', value='AP_SOUTH_1'}, Tag{name='workloadType', value='OPERATIONAL'}]}, electionId=7fffffff000000000000010d, setVersion=5, topologyVersion=TopologyVersion{processId=65b7dce0ab69c5295c588d9b, counter=6}, lastWriteDate=Mon Jan 29 23:42:36 IST 2024, lastUpdateTimeNanos=40259782713986}
2024-01-29T23:42:36.900+05:30  INFO 18990 --- [ngodb.net:27017] org.mongodb.driver.cluster               : Discovered replica set primary ac-nxiwowr-shard-00-02.fn76lmn.mongodb.net:27017 with max election id 7fffffff000000000000010d and max set version 5
2024-01-29T23:42:37.886+05:30  INFO 18990 --- [           main] c.r.movie.MovieReview1ApplicationTests   : Started MovieReview1ApplicationTests in 4.083 seconds (process running for 5.969)
]]></system-out>
  </testcase>
</testsuite>